# JRE version: OpenJDK Runtime Environment (10.0.1+10) (build 10.0.1+10-Ubuntu-3ubuntu1)
# Java VM: OpenJDK 64-Bit Server VM (10.0.1+10-Ubuntu-3ubuntu1, mixed mode, tiered, compressed oops, g1 gc, linux-amd64)
Heap:
 garbage-first heap   total 178176K, used 66836K [0x0000000713800000, 0x00000007c0000000)
  region size 1024K, 62 young (63488K), 4 survivors (4096K)
 Metaspace       used 24261K, capacity 24763K, committed 25136K, reserved 1071104K
  class space    used 2266K, capacity 2532K, committed 2608K, reserved 1048576K
GC Heap History (10 events):
Event: 1.105 GC heap before
{Heap before GC invocations=0 (full 0):
 garbage-first heap   total 178176K, used 14336K [0x0000000713800000, 0x00000007c0000000)
  region size 1024K, 14 young (14336K), 0 survivors (0K)
 Metaspace       used 16412K, capacity 16849K, committed 17280K, reserved 1064960K
  class space    used 1643K, capacity 1856K, committed 1920K, reserved 1048576K
}
Event: 1.112 GC heap after
{Heap after GC invocations=1 (full 0):
 garbage-first heap   total 178176K, used 3189K [0x0000000713800000, 0x00000007c0000000)
  region size 1024K, 2 young (2048K), 2 survivors (2048K)
 Metaspace       used 16412K, capacity 16849K, committed 17280K, reserved 1064960K
  class space    used 1643K, capacity 1856K, committed 1920K, reserved 1048576K
}
Event: 1.513 GC heap before
{Heap before GC invocations=1 (full 0):
 garbage-first heap   total 178176K, used 9333K [0x0000000713800000, 0x00000007c0000000)
  region size 1024K, 8 young (8192K), 2 survivors (2048K)
 Metaspace       used 18924K, capacity 19558K, committed 19968K, reserved 1067008K
  class space    used 1905K, capacity 2205K, committed 2304K, reserved 1048576K
}
Event: 1.519 GC heap after
{Heap after GC invocations=2 (full 0):
 garbage-first heap   total 178176K, used 3788K [0x0000000713800000, 0x00000007c0000000)
  region size 1024K, 1 young (1024K), 1 survivors (1024K)
 Metaspace       used 18924K, capacity 19558K, committed 19968K, reserved 1067008K
  class space    used 1905K, capacity 2205K, committed 2304K, reserved 1048576K
}
Event: 1.659 GC heap before
{Heap before GC invocations=2 (full 0):
 garbage-first heap   total 178176K, used 6860K [0x0000000713800000, 0x00000007c0000000)
  region size 1024K, 5 young (5120K), 1 survivors (1024K)
 Metaspace       used 20535K, capacity 21096K, committed 21296K, reserved 1069056K
  class space    used 2058K, capacity 2334K, committed 2352K, reserved 1048576K
}
Event: 1.662 GC heap after
{Heap after GC invocations=3 (full 0):
 garbage-first heap   total 178176K, used 3879K [0x0000000713800000, 0x00000007c0000000)
  region size 1024K, 1 young (1024K), 1 survivors (1024K)
 Metaspace       used 20535K, capacity 21096K, committed 21296K, reserved 1069056K
  class space    used 2058K, capacity 2334K, committed 2352K, reserved 1048576K
}
Event: 182.836 GC heap before
{Heap before GC invocations=4 (full 0):
 garbage-first heap   total 178176K, used 43815K [0x0000000713800000, 0x00000007c0000000)
  region size 1024K, 40 young (40960K), 1 survivors (1024K)
 Metaspace       used 23165K, capacity 23739K, committed 24112K, reserved 1071104K
  class space    used 2233K, capacity 2532K, committed 2608K, reserved 1048576K
}
Event: 182.840 GC heap after
{Heap after GC invocations=5 (full 0):
 garbage-first heap   total 178176K, used 6364K [0x0000000713800000, 0x00000007c0000000)
  region size 1024K, 4 young (4096K), 4 survivors (4096K)
 Metaspace       used 23165K, capacity 23739K, committed 24112K, reserved 1071104K
  class space    used 2233K, capacity 2532K, committed 2608K, reserved 1048576K
}
Event: 21414.509 GC heap before
{Heap before GC invocations=5 (full 0):
 garbage-first heap   total 178176K, used 63708K [0x0000000713800000, 0x00000007c0000000)
  region size 1024K, 60 young (61440K), 4 survivors (4096K)
 Metaspace       used 23746K, capacity 24315K, committed 24624K, reserved 1071104K
  class space    used 2249K, capacity 2532K, committed 2608K, reserved 1048576K
}
Event: 21414.513 GC heap after
{Heap after GC invocations=6 (full 0):
 garbage-first heap   total 178176K, used 6420K [0x0000000713800000, 0x00000007c0000000)
  region size 1024K, 4 young (4096K), 4 survivors (4096K)
 Metaspace       used 23746K, capacity 24315K, committed 24624K, reserved 1071104K
  class space    used 2249K, capacity 2532K, committed 2608K, reserved 1048576K
}

